C:\USERS\ROBERT MACGREGOR\DESKTOP\BASEMOD\BASEMOD\RELEASE\BASEMOD.DLL.INTERMEDIATE.MANIFEST
C:\USERS\ROBERT MACGREGOR\DESKTOP\BASEMOD\BASEMOD\RELEASE\BASEMOD.OBJ
C:\USERS\ROBERT MACGREGOR\DESKTOP\BASEMOD\BASEMOD\RELEASE\BASEMOD.PCH
C:\USERS\ROBERT MACGREGOR\DESKTOP\BASEMOD\BASEMOD\RELEASE\DLLMAIN.OBJ
C:\USERS\ROBERT MACGREGOR\DESKTOP\BASEMOD\BASEMOD\RELEASE\STDAFX.OBJ
C:\USERS\ROBERT MACGREGOR\DESKTOP\BASEMOD\BASEMOD\RELEASE\VC100.PDB
C:\USERS\ROBERT MACGREGOR\DESKTOP\BASEMOD\RELEASE\BASEMOD.DLL
C:\Users\Robert MacGregor\Desktop\BaseMod\Release\BaseMod.exp
C:\Users\Robert MacGregor\Desktop\BaseMod\Release\BaseMod.lib
C:\USERS\ROBERT MACGREGOR\DESKTOP\BASEMOD\RELEASE\BASEMOD.PDB
C:\Users\Robert MacGregor\Desktop\RandomMod\BaseMod\Release\BaseMod.dll.intermediate.manifest
C:\USERS\ROBERT MACGREGOR\DESKTOP\RANDOMMOD\BASEMOD\RELEASE\BASEMOD.OBJ
C:\Users\Robert MacGregor\Desktop\RandomMod\BaseMod\Release\BaseMod.pch
C:\Users\Robert MacGregor\Desktop\RandomMod\BaseMod\Release\BaseMod.vcxprojResolveAssemblyReference.cache
C:\Users\Robert MacGregor\Desktop\RandomMod\BaseMod\Release\BaseMod.write.1.tlog
C:\Users\Robert MacGregor\Desktop\RandomMod\BaseMod\Release\cl.command.1.tlog
C:\Users\Robert MacGregor\Desktop\RandomMod\BaseMod\Release\CL.read.1.tlog
C:\Users\Robert MacGregor\Desktop\RandomMod\BaseMod\Release\CL.write.1.tlog
C:\USERS\ROBERT MACGREGOR\DESKTOP\RANDOMMOD\BASEMOD\RELEASE\DLLMAIN.OBJ
C:\Users\Robert MacGregor\Desktop\RandomMod\BaseMod\Release\link.command.1.tlog
C:\Users\Robert MacGregor\Desktop\RandomMod\BaseMod\Release\link.read.1.tlog
C:\Users\Robert MacGregor\Desktop\RandomMod\BaseMod\Release\link.write.1.tlog
C:\Users\Robert MacGregor\Desktop\RandomMod\BaseMod\Release\mt.command.1.tlog
C:\USERS\ROBERT MACGREGOR\DESKTOP\RANDOMMOD\BASEMOD\RELEASE\MT.OBJ
C:\Users\Robert MacGregor\Desktop\RandomMod\BaseMod\Release\mt.read.1.tlog
C:\Users\Robert MacGregor\Desktop\RandomMod\BaseMod\Release\mt.write.1.tlog
C:\Users\Robert MacGregor\Desktop\RandomMod\BaseMod\Release\randomCmds.obj
C:\USERS\ROBERT MACGREGOR\DESKTOP\RANDOMMOD\BASEMOD\RELEASE\RANDOMMOD.DLL.INTERMEDIATE.MANIFEST
C:\USERS\ROBERT MACGREGOR\DESKTOP\RANDOMMOD\BASEMOD\RELEASE\RANDOMMOD.PCH
C:\Users\Robert MacGregor\Desktop\RandomMod\BaseMod\Release\RandomMod.write.1.tlog
C:\USERS\ROBERT MACGREGOR\DESKTOP\RANDOMMOD\BASEMOD\RELEASE\STDAFX.OBJ
C:\USERS\ROBERT MACGREGOR\DESKTOP\RANDOMMOD\BASEMOD\RELEASE\T2API.OBJ
C:\USERS\ROBERT MACGREGOR\DESKTOP\RANDOMMOD\BASEMOD\RELEASE\VC100.PDB
C:\USERS\ROBERT MACGREGOR\DESKTOP\RANDOMMOD\RELEASE\RANDOMMOD.DLL
C:\Users\Robert MacGregor\Desktop\RandomMod\Release\RandomMod.exp
C:\Users\Robert MacGregor\Desktop\RandomMod\Release\RandomMod.lib
C:\USERS\ROBERT MACGREGOR\DESKTOP\RANDOMMOD\RELEASE\RANDOMMOD.PDB
