C:\USERS\ROBERT MACGREGOR\DESKTOP\BASEMOD\BASEMOD\RELEASE\BASEMOD.DLL.INTERMEDIATE.MANIFEST
C:\USERS\ROBERT MACGREGOR\DESKTOP\BASEMOD\BASEMOD\RELEASE\BASEMOD.OBJ
C:\USERS\ROBERT MACGREGOR\DESKTOP\BASEMOD\BASEMOD\RELEASE\BASEMOD.PCH
C:\USERS\ROBERT MACGREGOR\DESKTOP\BASEMOD\BASEMOD\RELEASE\DLLMAIN.OBJ
C:\USERS\ROBERT MACGREGOR\DESKTOP\BASEMOD\BASEMOD\RELEASE\STDAFX.OBJ
C:\USERS\ROBERT MACGREGOR\DESKTOP\BASEMOD\BASEMOD\RELEASE\VC100.PDB
C:\USERS\ROBERT MACGREGOR\DESKTOP\BASEMOD\RELEASE\BASEMOD.DLL
C:\Users\Robert MacGregor\Desktop\BaseMod\Release\BaseMod.exp
C:\Users\Robert MacGregor\Desktop\BaseMod\Release\BaseMod.lib
C:\USERS\ROBERT MACGREGOR\DESKTOP\BASEMOD\RELEASE\BASEMOD.PDB
C:\USERS\ROBERT MACGREGOR\DESKTOP\TSEXTENSION\BASEMOD\RELEASE\BASEMOD.DLL.INTERMEDIATE.MANIFEST
C:\USERS\ROBERT MACGREGOR\DESKTOP\TSEXTENSION\BASEMOD\RELEASE\BASEMOD.OBJ
C:\USERS\ROBERT MACGREGOR\DESKTOP\TSEXTENSION\BASEMOD\RELEASE\BASEMOD.PCH
C:\Users\Robert MacGregor\Desktop\TSExtension\BaseMod\Release\BaseMod.vcxprojResolveAssemblyReference.cache
C:\Users\Robert MacGregor\Desktop\TSExtension\BaseMod\Release\BaseMod.write.1.tlog
C:\Users\Robert MacGregor\Desktop\TSExtension\BaseMod\Release\cl.command.1.tlog
C:\Users\Robert MacGregor\Desktop\TSExtension\BaseMod\Release\CL.read.1.tlog
C:\Users\Robert MacGregor\Desktop\TSExtension\BaseMod\Release\CL.write.1.tlog
C:\USERS\ROBERT MACGREGOR\DESKTOP\TSEXTENSION\BASEMOD\RELEASE\DLLMAIN.OBJ
C:\Users\Robert MacGregor\Desktop\TSExtension\BaseMod\Release\link.command.1.tlog
C:\Users\Robert MacGregor\Desktop\TSExtension\BaseMod\Release\link.read.1.tlog
C:\Users\Robert MacGregor\Desktop\TSExtension\BaseMod\Release\link.write.1.tlog
C:\Users\Robert MacGregor\Desktop\TSExtension\BaseMod\Release\mt.command.1.tlog
C:\Users\Robert MacGregor\Desktop\TSExtension\BaseMod\Release\mt.read.1.tlog
C:\Users\Robert MacGregor\Desktop\TSExtension\BaseMod\Release\mt.write.1.tlog
C:\USERS\ROBERT MACGREGOR\DESKTOP\TSEXTENSION\BASEMOD\RELEASE\STDAFX.OBJ
C:\USERS\ROBERT MACGREGOR\DESKTOP\TSEXTENSION\BASEMOD\RELEASE\VC100.PDB
C:\USERS\ROBERT MACGREGOR\DESKTOP\TSEXTENSION\RELEASE\BASEMOD.DLL
C:\Users\Robert MacGregor\Desktop\TSExtension\Release\BaseMod.exp
C:\Users\Robert MacGregor\Desktop\TSExtension\Release\BaseMod.lib
C:\USERS\ROBERT MACGREGOR\DESKTOP\TSEXTENSION\RELEASE\BASEMOD.PDB
