Build started 8/4/2014 9:12:36 PM.
     1>Project "C:\Users\Robert MacGregor\Desktop\TSExtension\BaseMod\BaseMod.vcxproj" on node 2 (build target(s)).
     1>InitializeBuildStatus:
         Touching "Release\BaseMod.unsuccessfulbuild".
       ClCompile:
         All outputs are up-to-date.
         C:\Program Files (x86)\Microsoft Visual Studio 10.0\VC\bin\CL.exe /c /Zi /nologo /W3 /WX- /O2 /Oi /Oy- /GL /D WIN32 /D NDEBUG /D _WINDOWS /D _USRDLL /D BASEMOD_EXPORTS /D _WINDLL /D _UNICODE /D UNICODE /Gm- /EHsc /MD /GS /Gy /fp:precise /Zc:wchar_t /Zc:forScope /Fo"Release\\" /Fd"Release\vc100.pdb" /Gd /TP /analyze- /errorReport:prompt BaseMod.cpp DXAPI.cpp DXConCmds.cpp
         BaseMod.cpp
         DXAPI.cpp
         DXConCmds.cpp
     1>DXConCmds.cpp(12): warning C4996: 'sprintf': This function or variable may be unsafe. Consider using sprintf_s instead. To disable deprecation, use _CRT_SECURE_NO_WARNINGS. See online help for details.
                 C:\Program Files (x86)\Microsoft Visual Studio 10.0\VC\include\stdio.h(371) : see declaration of 'sprintf'
     1>DXConCmds.cpp(13): warning C4172: returning address of local variable or temporary
     1>DXConCmds.cpp(24): warning C4996: 'sprintf': This function or variable may be unsafe. Consider using sprintf_s instead. To disable deprecation, use _CRT_SECURE_NO_WARNINGS. See online help for details.
                 C:\Program Files (x86)\Microsoft Visual Studio 10.0\VC\include\stdio.h(371) : see declaration of 'sprintf'
     1>DXConCmds.cpp(25): warning C4172: returning address of local variable or temporary
         All outputs are up-to-date.
       Link:
         C:\Program Files (x86)\Microsoft Visual Studio 10.0\VC\bin\link.exe /ERRORREPORT:PROMPT /OUT:"C:\Users\Robert MacGregor\Desktop\TSExtension\Release\BaseMod.dll" /INCREMENTAL:NO /NOLOGO kernel32.lib user32.lib gdi32.lib winspool.lib comdlg32.lib advapi32.lib shell32.lib ole32.lib oleaut32.lib uuid.lib odbc32.lib odbccp32.lib /MANIFEST /ManifestFile:"Release\BaseMod.dll.intermediate.manifest" /MANIFESTUAC:"level='asInvoker' uiAccess='false'" /DEBUG /PDB:"C:\Users\Robert MacGregor\Desktop\TSExtension\Release\BaseMod.pdb" /SUBSYSTEM:WINDOWS /OPT:REF /OPT:ICF /LTCG /TLBID:1 /DYNAMICBASE /NXCOMPAT /IMPLIB:"C:\Users\Robert MacGregor\Desktop\TSExtension\Release\BaseMod.lib" /MACHINE:X86 /DLL Release\BaseMod.obj
         Release\dllmain.obj
         Release\DXAPI.obj
         Release\DXConCmds.obj
         Release\LinkerAPI.obj
         Release\stdafx.obj
            Creating library C:\Users\Robert MacGregor\Desktop\TSExtension\Release\BaseMod.lib and object C:\Users\Robert MacGregor\Desktop\TSExtension\Release\BaseMod.exp
         Generating code
         Finished generating code
         BaseMod.vcxproj -> C:\Users\Robert MacGregor\Desktop\TSExtension\Release\BaseMod.dll
       Manifest:
         C:\Program Files (x86)\Microsoft SDKs\Windows\v7.0A\bin\mt.exe /nologo /verbose /outputresource:"C:\Users\Robert MacGregor\Desktop\TSExtension\Release\BaseMod.dll;#2" /manifest Release\BaseMod.dll.intermediate.manifest
       FinalizeBuildStatus:
         Deleting file "Release\BaseMod.unsuccessfulbuild".
         Touching "Release\BaseMod.lastbuildstate".
     1>Done Building Project "C:\Users\Robert MacGregor\Desktop\TSExtension\BaseMod\BaseMod.vcxproj" (build target(s)).

Build succeeded.

Time Elapsed 00:00:02.12
